#
# An unexpected error has been detected by Java Runtime Environment:
#
#  EXCEPTION_ACCESS_VIOLATION (0xc0000005) at pc=0x78796476, pid=2056, tid=2340
#
# Java VM: Java HotSpot(TM) Client VM (1.6.0-b105 mixed mode)
# Problematic frame:
# C  [hg.dll+0xb6476]
#
# If you would like to submit a bug report, please visit:
#   http://java.sun.com/webapps/bugreport/crash.jsp
#

---------------  T H R E A D  ---------------

Current thread (0x025ed400):  JavaThread "main" [_thread_in_native, id=2340]

siginfo: ExceptionCode=0xc0000005, reading address 0x00000018

Registers:
EAX=0x00000000, EBX=0x00d3a400, ECX=0x1ddb7fe0, EDX=0x787f58c0
ESP=0x00d3a388, EBP=0x00d3a388, ESI=0x029f1a60, EDI=0x7ad78a80
EIP=0x78796476, EFLAGS=0x00010246

Top of Stack: (sp=0x00d3a388)
0x00d3a388:   00d3a398 7871880f 00000000 00d3a43c
0x00d3a398:   00d3a3b0 7876def2 00000000 029f1a60
0x00d3a3a8:   021f17c8 00000000 00d3a3ec 7a7144a3
0x00d3a3b8:   01794c40 00d3a474 00d3a43c 00000001
0x00d3a3c8:   01722f04 021f17c8 00000000 00d3a43c
0x00d3a3d8:   00000000 00d3a3cc 00d3a458 7a71f830
0x00d3a3e8:   00000000 00d3a464 7977d574 01794c40
0x00d3a3f8:   00d3a474 00d3a43c 00000001 01722f04 

Instructions: (pc=0x78796476)
0x78796466:   cc cc cc cc cc cc cc cc cc cc 55 8b ec 8b 45 08
0x78796476:   8b 40 18 5d c3 cc cc cc cc cc 55 8b ec 8b 4d 0c 


Stack: [0x00540000,0x00d40000),  sp=0x00d3a388,  free space=8168k
Native frames: (J=compiled Java code, j=interpreted, Vv=VM code, C=native code)
C  [hg.dll+0xb6476]
C  [hg.dll+0x3880f]
C  [hg.dll+0x8def2]
C  [udd.dll+0x344a3]
C  [udd_mi.dll+0x2d574]
C  [udd_mi.dll+0x2d806]
C  [mcos.dll+0xb35b6]
C  [m_dispatcher.dll+0x840a]
C  [m_interpreter.dll+0x3c28d]
C  [m_interpreter.dll+0x3c342]
C  [nativejmi.dll+0x1b12]
C  [nativejmi.dll+0x1df0]
C  [nativejmi.dll+0x1eaa]
C  [nativejmi.dll+0x4ab6]
j  com.mathworks.jmi.NativeMatlab.SendMatlabMessage(Ljava/lang/Object;)Ljava/lang/Object;+0
j  com.mathworks.jmi.NativeMatlab.sendMatlabMessage(Ljava/lang/Object;)Ljava/lang/Object;+22
j  com.mathworks.jmi.MatlabLooper.sendMatlabMessage(Lcom/mathworks/services/message/MWMessage;)Ljava/lang/Object;+20
j  com.mathworks.jmi.Matlab.mtFeval(Ljava/lang/String;[Ljava/lang/Object;I)Ljava/lang/Object;+71
j  com.mathworks.toolbox.matlab.guide.palette.GObjectProxy.updateComponentView(Lcom/mathworks/jmi/bean/UDDObject;)V+28
j  com.mathworks.toolbox.matlab.guide.palette.GObjectProxy.updateProxyComponent(Lcom/mathworks/jmi/bean/UDDObject;)V+9
j  com.mathworks.toolbox.matlab.guide.palette.MObjectProxy.updateProxy(Ljava/lang/Object;)V+36
J  com.mathworks.toolbox.matlab.guide.palette.GObjectProxy.updateProxy(Ljava/lang/Object;)V
J  com.mathworks.toolbox.matlab.guide.palette.GObjectProxy.updateProxy(Ljava/lang/Object;)V
J  com.mathworks.toolbox.matlab.guide.palette.GObjectProxy.updateProxy(Ljava/lang/Object;)V
j  com.mathworks.toolbox.matlab.guide.LayoutLooper$UpdateObjectWorker.runOnMatlabThread()Ljava/lang/Object;+27
j  com.mathworks.jmi.MatlabWorker$2.run()V+10
j  com.mathworks.jmi.MatlabWorker.start()V+10
j  com.mathworks.toolbox.matlab.guide.LayoutLooper.updateObject(Lcom/mathworks/toolbox/matlab/guide/palette/LOWrapperOwner;Lcom/mathworks/toolbox/matlab/guide/LayoutArea;)V+17
j  com.mathworks.toolbox.matlab.guide.LayoutArea.changeObjects(Lcom/mathworks/services/ObjectRegistryEvent;)V+322
j  com.mathworks.toolbox.matlab.guide.LayoutArea$ObjectChanged.objectChanged(Lcom/mathworks/services/ObjectRegistryEvent;)V+5
j  com.mathworks.services.ObjectRegistry.fireObjectRegistryEvent(Lcom/mathworks/services/ObjectRegistryEvent;)V+97
j  com.mathworks.services.ObjectRegistry.access$200(Lcom/mathworks/services/ObjectRegistry;Lcom/mathworks/services/ObjectRegistryEvent;)V+2
j  com.mathworks.services.ObjectRegistry$MyBrowseableHandler.childChanged(Lcom/mathworks/services/BrowseableEvent;)V+46
j  com.mathworks.services.ObjectRegistryEntry.fireBrowseableEvent(Lcom/mathworks/services/BrowseableEvent;)V+129
j  com.mathworks.services.ObjectRegistryEntry.changeChildren([Lcom/mathworks/services/Browseable;ILjava/lang/Object;)V+21
j  com.mathworks.services.ObjectRegistryEntry.changeChild(Lcom/mathworks/services/Browseable;ILjava/lang/Object;)V+15
j  com.mathworks.services.ObjectRegistry.change([Ljava/lang/Object;Ljava/lang/Object;I)V+52
j  com.mathworks.services.ObjectRegistry.change([Ljava/lang/Object;)V+4
j  com.mathworks.toolbox.matlab.guide.LayoutLooper$MoveCompleted.completed(ILjava/lang/Object;)V+115
j  com.mathworks.toolbox.matlab.guide.utils.LayoutWorker.runOnMatlabThread()Ljava/lang/Object;+29
j  com.mathworks.jmi.MatlabWorker$2.run()V+10
J  com.mathworks.jmi.NativeMatlab.dispatchMTRequests(Z)V
v  ~StubRoutines::call_stub

Java frames: (J=compiled Java code, j=interpreted, Vv=VM code)
j  com.mathworks.jmi.NativeMatlab.SendMatlabMessage(Ljava/lang/Object;)Ljava/lang/Object;+0
j  com.mathworks.jmi.NativeMatlab.sendMatlabMessage(Ljava/lang/Object;)Ljava/lang/Object;+22
j  com.mathworks.jmi.MatlabLooper.sendMatlabMessage(Lcom/mathworks/services/message/MWMessage;)Ljava/lang/Object;+20
j  com.mathworks.jmi.Matlab.mtFeval(Ljava/lang/String;[Ljava/lang/Object;I)Ljava/lang/Object;+71
j  com.mathworks.toolbox.matlab.guide.palette.GObjectProxy.updateComponentView(Lcom/mathworks/jmi/bean/UDDObject;)V+28
j  com.mathworks.toolbox.matlab.guide.palette.GObjectProxy.updateProxyComponent(Lcom/mathworks/jmi/bean/UDDObject;)V+9
j  com.mathworks.toolbox.matlab.guide.palette.MObjectProxy.updateProxy(Ljava/lang/Object;)V+36
J  com.mathworks.toolbox.matlab.guide.palette.GObjectProxy.updateProxy(Ljava/lang/Object;)V
J  com.mathworks.toolbox.matlab.guide.palette.GObjectProxy.updateProxy(Ljava/lang/Object;)V
J  com.mathworks.toolbox.matlab.guide.palette.GObjectProxy.updateProxy(Ljava/lang/Object;)V
j  com.mathworks.toolbox.matlab.guide.LayoutLooper$UpdateObjectWorker.runOnMatlabThread()Ljava/lang/Object;+27
j  com.mathworks.jmi.MatlabWorker$2.run()V+10
j  com.mathworks.jmi.MatlabWorker.start()V+10
j  com.mathworks.toolbox.matlab.guide.LayoutLooper.updateObject(Lcom/mathworks/toolbox/matlab/guide/palette/LOWrapperOwner;Lcom/mathworks/toolbox/matlab/guide/LayoutArea;)V+17
j  com.mathworks.toolbox.matlab.guide.LayoutArea.changeObjects(Lcom/mathworks/services/ObjectRegistryEvent;)V+322
j  com.mathworks.toolbox.matlab.guide.LayoutArea$ObjectChanged.objectChanged(Lcom/mathworks/services/ObjectRegistryEvent;)V+5
j  com.mathworks.services.ObjectRegistry.fireObjectRegistryEvent(Lcom/mathworks/services/ObjectRegistryEvent;)V+97
j  com.mathworks.services.ObjectRegistry.access$200(Lcom/mathworks/services/ObjectRegistry;Lcom/mathworks/services/ObjectRegistryEvent;)V+2
j  com.mathworks.services.ObjectRegistry$MyBrowseableHandler.childChanged(Lcom/mathworks/services/BrowseableEvent;)V+46
j  com.mathworks.services.ObjectRegistryEntry.fireBrowseableEvent(Lcom/mathworks/services/BrowseableEvent;)V+129
j  com.mathworks.services.ObjectRegistryEntry.changeChildren([Lcom/mathworks/services/Browseable;ILjava/lang/Object;)V+21
j  com.mathworks.services.ObjectRegistryEntry.changeChild(Lcom/mathworks/services/Browseable;ILjava/lang/Object;)V+15
j  com.mathworks.services.ObjectRegistry.change([Ljava/lang/Object;Ljava/lang/Object;I)V+52
j  com.mathworks.services.ObjectRegistry.change([Ljava/lang/Object;)V+4
j  com.mathworks.toolbox.matlab.guide.LayoutLooper$MoveCompleted.completed(ILjava/lang/Object;)V+115
j  com.mathworks.toolbox.matlab.guide.utils.LayoutWorker.runOnMatlabThread()Ljava/lang/Object;+29
j  com.mathworks.jmi.MatlabWorker$2.run()V+10
J  com.mathworks.jmi.NativeMatlab.dispatchMTRequests(Z)V
v  ~StubRoutines::call_stub

---------------  P R O C E S S  ---------------

Java Threads: ( => current thread )
  0x14f1c400 JavaThread "Thread-20" [_thread_in_native, id=1964]
  0x14457400 JavaThread "Prefs Updater" [_thread_blocked, id=2224]
  0x14db3400 JavaThread "Thread-9" [_thread_blocked, id=3380]
  0x14d26400 JavaThread "Thread-8" [_thread_blocked, id=2352]
  0x14d7b400 JavaThread "Thread-7" [_thread_blocked, id=3284]
  0x14e38800 JavaThread "Thread-6" [_thread_blocked, id=3200]
  0x14dbf800 JavaThread "Active Reference Queue Daemon" daemon [_thread_blocked, id=2612]
  0x14e48400 JavaThread "Timer-2" daemon [_thread_blocked, id=2904]
  0x14dbc400 JavaThread "Timer-1" daemon [_thread_blocked, id=1868]
  0x14cbec00 JavaThread "TimerQueue" daemon [_thread_blocked, id=1680]
  0x14b45800 JavaThread "AWT-EventQueue-0" [_thread_blocked, id=2824]
  0x142f8400 JavaThread "Timer-0" [_thread_blocked, id=1064]
  0x142c3c00 JavaThread "AWT-Windows" daemon [_thread_in_native, id=3376]
  0x142c2c00 JavaThread "AWT-Shutdown" [_thread_blocked, id=1640]
  0x02718c00 JavaThread "Java2D Disposer" daemon [_thread_blocked, id=2320]
  0x026b1000 JavaThread "Low Memory Detector" daemon [_thread_blocked, id=1420]
  0x026ac400 JavaThread "CompilerThread0" daemon [_thread_blocked, id=3104]
  0x026ab400 JavaThread "Attach Listener" daemon [_thread_blocked, id=3824]
  0x0269d400 JavaThread "Finalizer" daemon [_thread_blocked, id=2144]
  0x02699000 JavaThread "Reference Handler" daemon [_thread_blocked, id=3632]
=>0x025ed400 JavaThread "main" [_thread_in_native, id=2340]

Other Threads:
  0x02695c00 VMThread [id=1212]
  0x026c3800 WatcherThread [id=2368]

VM state:not at safepoint (normal execution)

VM Mutex/Monitor currently owned by a thread: None

Heap
 def new generation   total 23808K, used 18457K [0x069a0000, 0x08370000, 0x089a0000)
  eden space 21184K,  74% used [0x069a0000, 0x0791ffc8, 0x07e50000)
  from space 2624K,  98% used [0x07e50000, 0x080d6690, 0x080e0000)
  to   space 2624K,   0% used [0x080e0000, 0x080e0000, 0x08370000)
 tenured generation   total 79172K, used 63841K [0x089a0000, 0x0d6f1000, 0x0e9a0000)
   the space 79172K,  80% used [0x089a0000, 0x0c7f8770, 0x0c7f8800, 0x0d6f1000)
 compacting perm gen  total 33024K, used 32841K [0x0e9a0000, 0x109e0000, 0x129a0000)
   the space 33024K,  99% used [0x0e9a0000, 0x109b24e0, 0x109b2600, 0x109e0000)
No shared spaces configured.

Dynamic libraries:
0x00400000 - 0x00536000 	C:\Program Files\MATLAB\R2008a\bin\win32\MATLAB.exe
0x7c900000 - 0x7c9b0000 	C:\WINDOWS\system32\ntdll.dll
0x7c800000 - 0x7c8f4000 	C:\WINDOWS\system32\kernel32.dll
0x7ac90000 - 0x7ad5b000 	C:\Program Files\MATLAB\R2008a\bin\win32\libut.dll
0x76c90000 - 0x76cb8000 	C:\WINDOWS\system32\imagehlp.dll
0x77c10000 - 0x77c68000 	C:\WINDOWS\system32\msvcrt.dll
0x76bf0000 - 0x76bfb000 	C:\WINDOWS\system32\PSAPI.DLL
0x7b4d0000 - 0x7b4ef000 	C:\Program Files\MATLAB\R2008a\bin\win32\LIBEXPAT.dll
0x78130000 - 0x781cb000 	C:\WINDOWS\WinSxS\x86_Microsoft.VC80.CRT_1fc8b3b9a1e18e3b_8.0.50727.762_x-ww_6b128700\MSVCR80.dll
0x7b040000 - 0x7b117000 	C:\Program Files\MATLAB\R2008a\bin\win32\icuuc36.dll
0x77dd0000 - 0x77e6b000 	C:\WINDOWS\system32\ADVAPI32.dll
0x77e70000 - 0x77f01000 	C:\WINDOWS\system32\RPCRT4.dll
0x7a820000 - 0x7a824000 	C:\Program Files\MATLAB\R2008a\bin\win32\icudt36.dll
0x7a830000 - 0x7a83c000 	C:\Program Files\MATLAB\R2008a\bin\win32\icuio36.dll
0x7aaf0000 - 0x7abb2000 	C:\Program Files\MATLAB\R2008a\bin\win32\icuin36.dll
0x7c420000 - 0x7c4a7000 	C:\WINDOWS\WinSxS\x86_Microsoft.VC80.CRT_1fc8b3b9a1e18e3b_8.0.50727.762_x-ww_6b128700\MSVCP80.dll
0x77d40000 - 0x77dd0000 	C:\WINDOWS\system32\USER32.dll
0x77f10000 - 0x77f58000 	C:\WINDOWS\system32\GDI32.dll
0x7adc0000 - 0x7af93000 	C:\Program Files\MATLAB\R2008a\bin\win32\libmwservices.dll
0x7ad60000 - 0x7adb2000 	C:\Program Files\MATLAB\R2008a\bin\win32\libmx.dll
0x78680000 - 0x78692000 	C:\Program Files\MATLAB\R2008a\bin\win32\zlib1.dll
0x7afa0000 - 0x7b036000 	C:\Program Files\MATLAB\R2008a\bin\win32\libmwmathutil.dll
0x791b0000 - 0x791e3000 	C:\Program Files\MATLAB\R2008a\bin\win32\mpath.dll
0x7b500000 - 0x7b515000 	C:\Program Files\MATLAB\R2008a\bin\win32\mlutil.dll
0x002e0000 - 0x00377000 	C:\WINDOWS\system32\COMCTL32.dll
0x763b0000 - 0x763f9000 	C:\WINDOWS\system32\comdlg32.dll
0x77f60000 - 0x77fd6000 	C:\WINDOWS\system32\SHLWAPI.dll
0x7c9c0000 - 0x7d1d4000 	C:\WINDOWS\system32\SHELL32.dll
0x00380000 - 0x003d4000 	C:\WINDOWS\system32\NETAPI32.dll
0x71ab0000 - 0x71ac7000 	C:\WINDOWS\system32\WS2_32.dll
0x71aa0000 - 0x71aa8000 	C:\WINDOWS\system32\WS2HELP.dll
0x79710000 - 0x79746000 	C:\Program Files\MATLAB\R2008a\bin\win32\mcr.dll
0x7a840000 - 0x7a857000 	C:\Program Files\MATLAB\R2008a\bin\win32\iqm.dll
0x78550000 - 0x7856a000 	C:\Program Files\MATLAB\R2008a\bin\win32\bridge.dll
0x7a870000 - 0x7a87e000 	C:\Program Files\MATLAB\R2008a\bin\win32\libmex.dll
0x795e0000 - 0x79638000 	C:\Program Files\MATLAB\R2008a\bin\win32\m_dispatcher.dll
0x78570000 - 0x7858c000 	C:\Program Files\MATLAB\R2008a\bin\win32\datasvcs.dll
0x78a30000 - 0x78bf2000 	C:\Program Files\MATLAB\R2008a\bin\win32\xerces-c_2_7.dll
0x79c90000 - 0x7a1a0000 	C:\Program Files\MATLAB\R2008a\bin\win32\m_interpreter.dll
0x78590000 - 0x785b1000 	C:\Program Files\MATLAB\R2008a\bin\win32\libmat.dll
0x7abc0000 - 0x7ac85000 	C:\Program Files\MATLAB\R2008a\bin\win32\libhdf5.dll
0x794f0000 - 0x79539000 	C:\Program Files\MATLAB\R2008a\bin\win32\profiler.dll
0x7a8d0000 - 0x7a8d9000 	C:\Program Files\MATLAB\R2008a\bin\win32\libmwmathrng.dll
0x78600000 - 0x78612000 	C:\Program Files\MATLAB\R2008a\bin\win32\m_pcodeio.dll
0x79170000 - 0x791a4000 	C:\Program Files\MATLAB\R2008a\bin\win32\m_ir.dll
0x797c0000 - 0x79c8b000 	C:\Program Files\MATLAB\R2008a\bin\win32\m_parser.dll
0x7a860000 - 0x7a86d000 	C:\Program Files\MATLAB\R2008a\bin\win32\ir_xfmr.dll
0x782e0000 - 0x78411000 	C:\Program Files\MATLAB\R2008a\bin\win32\mcos.dll
0x7a900000 - 0x7a90a000 	C:\Program Files\MATLAB\R2008a\bin\win32\mtok.dll
0x785e0000 - 0x785f6000 	C:\Program Files\MATLAB\R2008a\bin\win32\m_pcodegen.dll
0x7a810000 - 0x7a81d000 	C:\Program Files\MATLAB\R2008a\bin\win32\boost_thread-vc80-mt-1_34_1.dll
0x7a6e0000 - 0x7a764000 	C:\Program Files\MATLAB\R2008a\bin\win32\udd.dll
0x7b120000 - 0x7b20d000 	C:\Program Files\MATLAB\R2008a\bin\win32\libmwgui.dll
0x786e0000 - 0x78860000 	C:\Program Files\MATLAB\R2008a\bin\win32\hg.dll
0x790b0000 - 0x790ea000 	C:\Program Files\MATLAB\R2008a\bin\win32\jmi.dll
0x78dd0000 - 0x78dfa000 	C:\Program Files\MATLAB\R2008a\bin\win32\libmwhardcopy.dll
0x79130000 - 0x79169000 	C:\Program Files\MATLAB\R2008a\bin\win32\libuij.dll
0x78860000 - 0x78a22000 	C:\Program Files\MATLAB\R2008a\bin\win32\numerics.dll
0x7a8a0000 - 0x7a8aa000 	C:\Program Files\MATLAB\R2008a\bin\win32\libmwblas.dll
0x7a890000 - 0x7a89c000 	C:\Program Files\MATLAB\R2008a\bin\win32\libmwbinder.dll
0x785c0000 - 0x785df000 	C:\Program Files\MATLAB\R2008a\bin\win32\libmwlapack.dll
0x7b4f0000 - 0x7b4f8000 	C:\Program Files\MATLAB\R2008a\bin\win32\libmwfftw.dll
0x7b520000 - 0x7b54a000 	C:\Program Files\MATLAB\R2008a\bin\win32\libmwrookfastbp.dll
0x78e00000 - 0x78e27000 	C:\Program Files\MATLAB\R2008a\bin\win32\libmwma57.dll
0x7aa40000 - 0x7aaeb000 	C:\Program Files\MATLAB\R2008a\bin\win32\libifcoremd.dll
0x791f0000 - 0x7949f000 	C:\Program Files\MATLAB\R2008a\bin\win32\libmmd.dll
0x7a8c0000 - 0x7a8c8000 	C:\Program Files\MATLAB\R2008a\bin\win32\libmwcsparse.dll
0x796a0000 - 0x79707000 	C:\Program Files\MATLAB\R2008a\bin\win32\libmwumfpack.dll
0x7a880000 - 0x7a888000 	C:\Program Files\MATLAB\R2008a\bin\win32\libmwamd.dll
0x79540000 - 0x79593000 	C:\Program Files\MATLAB\R2008a\bin\win32\libmwcholmod.dll
0x7a8b0000 - 0x7a8b8000 	C:\Program Files\MATLAB\R2008a\bin\win32\libmwcolamd.dll
0x7a770000 - 0x7a804000 	C:\Program Files\MATLAB\R2008a\bin\win32\uiw.dll
0x7a940000 - 0x7a949000 	C:\Program Files\MATLAB\R2008a\bin\win32\uinone.dll
0x781d0000 - 0x782df000 	C:\WINDOWS\WinSxS\x86_Microsoft.VC80.MFC_1fc8b3b9a1e18e3b_8.0.50727.762_x-ww_3bf8fa05\MFC80.DLL
0x73000000 - 0x73026000 	C:\WINDOWS\system32\WINSPOOL.DRV
0x774e0000 - 0x7761c000 	C:\WINDOWS\system32\ole32.dll
0x77120000 - 0x771ac000 	C:\WINDOWS\system32\OLEAUT32.dll
0x79750000 - 0x797b2000 	C:\Program Files\MATLAB\R2008a\bin\win32\udd_mi.dll
0x78620000 - 0x78632000 	C:\Program Files\MATLAB\R2008a\bin\win32\mwoles05.DLL
0x794a0000 - 0x794e3000 	C:\Program Files\MATLAB\R2008a\bin\win32\comcli.dll
0x7c630000 - 0x7c64b000 	C:\WINDOWS\WinSxS\x86_Microsoft.VC80.ATL_1fc8b3b9a1e18e3b_8.0.50727.762_x-ww_cbb27474\ATL80.DLL
0x7a8f0000 - 0x7a8fb000 	C:\Program Files\MATLAB\R2008a\bin\win32\mlautoregister.dll
0x76390000 - 0x763ad000 	C:\WINDOWS\system32\IMM32.DLL
0x012e0000 - 0x012e9000 	C:\WINDOWS\system32\LPK.DLL
0x74d90000 - 0x74dfb000 	C:\WINDOWS\system32\USP10.dll
0x773d0000 - 0x774d2000 	C:\WINDOWS\WinSxS\x86_Microsoft.Windows.Common-Controls_6595b64144ccf1df_6.0.2600.2180_x-ww_a84f1ff9\comctl32.dll
0x7b7f0000 - 0x7c0b2000 	C:\Program Files\MATLAB\R2008a\bin\win32\mkl.dll
0x790f0000 - 0x7912e000 	C:\Program Files\MATLAB\R2008a\bin\win32\libguide40.dll
0x7b210000 - 0x7b216000 	C:\Program Files\MATLAB\R2008a\bin\win32\mklcompat.dll
0x7a1a0000 - 0x7a650000 	C:\Program Files\MATLAB\R2008a\bin\win32\mllapack.dll
0x7b700000 - 0x7b7e4000 	C:\Program Files\MATLAB\R2008a\bin\win32\libfftw3i.dll
0x7a950000 - 0x7aa3f000 	C:\Program Files\MATLAB\R2008a\bin\win32\libfftw3f.dll
0x02350000 - 0x0235e000 	C:\WINDOWS\WinSxS\x86_Microsoft.VC80.MFCLOC_1fc8b3b9a1e18e3b_8.0.50727.762_x-ww_91481303\MFC80ENU.DLL
0x02390000 - 0x023c8000 	C:\WINDOWS\system32\uxtheme.dll
0x74720000 - 0x7476b000 	C:\WINDOWS\system32\MSCTF.dll
0x755c0000 - 0x755ee000 	C:\WINDOWS\system32\msctfime.ime
0x74290000 - 0x74294000 	C:\WINDOWS\system32\icmp.Dll
0x76d60000 - 0x76d79000 	C:\WINDOWS\system32\iphlpapi.dll
0x77fe0000 - 0x77ff1000 	C:\WINDOWS\system32\Secur32.dll
0x71a50000 - 0x71a8f000 	C:\WINDOWS\System32\mswsock.dll
0x76f20000 - 0x76f47000 	C:\WINDOWS\system32\DNSAPI.dll
0x76fb0000 - 0x76fb8000 	C:\WINDOWS\System32\winrnr.dll
0x76f60000 - 0x76f8c000 	C:\WINDOWS\system32\WLDAP32.dll
0x751d0000 - 0x751ee000 	C:\WINDOWS\system32\wshbth.dll
0x77920000 - 0x77a13000 	C:\WINDOWS\system32\SETUPAPI.dll
0x16080000 - 0x160a5000 	C:\Program Files\Bonjour\mdnsNSP.dll
0x76fc0000 - 0x76fc6000 	C:\WINDOWS\system32\rasadhlp.dll
0x02550000 - 0x025a8000 	C:\WINDOWS\system32\hnetcfg.dll
0x71a90000 - 0x71a98000 	C:\WINDOWS\System32\wshtcpip.dll
0x78e60000 - 0x790a7000 	C:\Program Files\MATLAB\R2008a\sys\java\jre\win32\jre1.6.0\bin\client\jvm.dll
0x76b40000 - 0x76b6d000 	C:\WINDOWS\system32\WINMM.dll
0x7c340000 - 0x7c396000 	C:\Program Files\MATLAB\R2008a\bin\win32\MSVCR71.dll
0x795a0000 - 0x795a8000 	C:\Program Files\MATLAB\R2008a\sys\java\jre\win32\jre1.6.0\bin\hpi.dll
0x795c0000 - 0x795cc000 	C:\Program Files\MATLAB\R2008a\sys\java\jre\win32\jre1.6.0\bin\verify.dll
0x786a0000 - 0x786bf000 	C:\Program Files\MATLAB\R2008a\sys\java\jre\win32\jre1.6.0\bin\java.dll
0x795d0000 - 0x795df000 	C:\Program Files\MATLAB\R2008a\sys\java\jre\win32\jre1.6.0\bin\zip.dll
0x78c00000 - 0x78dc3000 	C:\Program Files\MATLAB\R2008a\sys\java\jre\win32\jre1.6.0\bin\awt.dll
0x78640000 - 0x78651000 	C:\Program Files\MATLAB\R2008a\bin\win32\nativejava.dll
0x78660000 - 0x78671000 	C:\Program Files\MATLAB\R2008a\bin\win32\nativejmi.dll
0x7a930000 - 0x7a936000 	C:\Program Files\MATLAB\R2008a\bin\win32\nativeservices.dll
0x79640000 - 0x79693000 	C:\Program Files\MATLAB\R2008a\sys\java\jre\win32\jre1.6.0\bin\fontmanager.dll
0x786c0000 - 0x786d3000 	C:\Program Files\MATLAB\R2008a\sys\java\jre\win32\jre1.6.0\bin\net.dll
0x795b0000 - 0x795b9000 	C:\Program Files\MATLAB\R2008a\sys\java\jre\win32\jre1.6.0\bin\nio.dll
0x7b550000 - 0x7b556000 	C:\Program Files\MATLAB\R2008a\bin\win32\nativelmgr.dll
0x156f0000 - 0x156f7000 	C:\Program Files\MATLAB\R2008a\bin\win32\nativemlint.dll
0x15710000 - 0x15750000 	C:\Program Files\MATLAB\R2008a\bin\win32\mlint.dll
0x7b560000 - 0x7b6fd000 	C:\Program Files\MATLAB\R2008a\bin\win32\instutil.dll
0x7a920000 - 0x7a926000 	C:\Program Files\MATLAB\R2008a\bin\win32\nativelex.dll

VM Arguments:
jvm_args: -Xss512k -XX:PermSize=32M -Xms64m -XX:NewRatio=3 -XX:MaxPermSize=64M -Xmx128m -XX:MaxDirectMemorySize=1200000000 -Dsun.java2d.noddraw=true -Dsun.awt.nopixfmt=true -Xshare:off -Xrs -Djava.library.path=C:\Program Files\MATLAB\R2008a\bin\win32 vfprintf abort
java_command: <unknown>
Launcher Type: generic

Environment Variables:
CLASSPATH=.;C:\Program Files\QuickTime\QTSystem\QTJava.zip
PATH=C:\Program Files\MATLAB\R2008a\sys\java\jre\win32\jre1.6.0\bin;C:\Program Files\MATLAB\R2008a\sys\webrenderer\windows\corecomponents;C:\Program Files\MATLAB\R2008a\sys\webrenderer\windows;C:\Program Files\MiKTeX 2.7\miktex\bin;C:\WINDOWS\system32;C:\WINDOWS;C:\WINDOWS\System32\Wbem;C:\Program Files\MATLAB\R2008a\bin;C:\Program Files\MATLAB\R2008a\bin\win32;C:\Program Files\QuickTime\QTSystem\
USERNAME=Tom
OS=Windows_NT
PROCESSOR_IDENTIFIER=x86 Family 6 Model 23 Stepping 6, GenuineIntel



---------------  S Y S T E M  ---------------

OS: Windows XP Build 2600 Service Pack 2

CPU:total 2 family 6, cmov, cx8, fxsr, mmx, sse, sse2

Memory: 4k page, physical 2859020k(1950648k free), swap 4194303k(3927776k free)

vm_info: Java HotSpot(TM) Client VM (1.6.0-b105) for windows-x86, built on Nov 29 2006 00:48:48 by "java_re" with unknown MS VC++:1310

